**********************
PowerShell transcript start
Start time: 20250928221851
Username: DESKTOP-8891JT5\Sacha
RunAs User: DESKTOP-8891JT5\Sacha
Configuration Name: 
Machine: DESKTOP-8891JT5 (Microsoft Windows NT 10.0.19045.0)
Host Application: C:\Program Files\PowerShell\7\pwsh.dll -noexit -command try { . "c:\Users\Sacha\AppData\Local\Programs\Microsoft VS Code\resources\app\out\vs\workbench\contrib\terminal\common\scripts\shellIntegration.ps1" } catch {}
Process ID: 12276
PSVersion: 7.5.3
PSEdition: Core
GitCommitId: 7.5.3
OS: Microsoft Windows 10.0.19045
Platform: Win32NT
PSCompatibleVersions: 1.0, 2.0, 3.0, 4.0, 5.0, 5.1, 6.0, 7.0
PSRemotingProtocolVersion: 2.3
SerializationVersion: 1.1.0.1
WSManStackVersion: 3.0
**********************
Transcript started, output file is session.log
]633;D;0]633;A]633;P;Cwd=D:\x5c@github\x5cvallea_immobilier\x5cvallea-eval-projet.2.0\x5cvallea-maxPS D:\@github\vallea_immobilier\vallea-eval-projet.2.0\vallea-max> ]633;B
